c:\users\mitsu\source\repos\sgrai-17-18\qwe\labirinto\debug\projeto.pch
c:\users\mitsu\source\repos\sgrai-17-18\qwe\labirinto\debug\vc141.pdb
c:\users\mitsu\source\repos\sgrai-17-18\qwe\labirinto\debug\vc141.idb
c:\users\mitsu\source\repos\sgrai-17-18\qwe\labirinto\debug\stdafx.obj
c:\users\mitsu\source\repos\sgrai-17-18\qwe\labirinto\debug\math.obj
c:\users\mitsu\source\repos\sgrai-17-18\qwe\labirinto\debug\mdlviewer.obj
c:\users\mitsu\source\repos\sgrai-17-18\qwe\labirinto\debug\studio_render.obj
c:\users\mitsu\source\repos\sgrai-17-18\qwe\labirinto\debug\studio_utils.obj
c:\users\mitsu\source\repos\sgrai-17-18\qwe\labirinto\debug\tank.obj
c:\users\mitsu\source\repos\sgrai-17-18\qwe\labirinto\debug\utils.obj
c:\users\mitsu\source\repos\sgrai-17-18\qwe\labirinto\debug\main.obj
c:\users\mitsu\source\repos\sgrai-17-18\qwe\labirinto\debug\readjpeg.obj
c:\users\mitsu\source\repos\sgrai-17-18\qwe\debug\projeto.exe
c:\users\mitsu\source\repos\sgrai-17-18\qwe\debug\projeto.ilk
c:\users\mitsu\source\repos\sgrai-17-18\qwe\debug\projeto.pdb
c:\users\mitsu\source\repos\sgrai-17-18\qwe\labirinto\debug\projeto.tlog\cl.command.1.tlog
c:\users\mitsu\source\repos\sgrai-17-18\qwe\labirinto\debug\projeto.tlog\cl.read.1.tlog
c:\users\mitsu\source\repos\sgrai-17-18\qwe\labirinto\debug\projeto.tlog\cl.write.1.tlog
c:\users\mitsu\source\repos\sgrai-17-18\qwe\labirinto\debug\projeto.tlog\link.command.1.tlog
c:\users\mitsu\source\repos\sgrai-17-18\qwe\labirinto\debug\projeto.tlog\link.read.1.tlog
c:\users\mitsu\source\repos\sgrai-17-18\qwe\labirinto\debug\projeto.tlog\link.write.1.tlog
